<?xml version="1.0" encoding="UTF-8"?>
<testng-results ignored="8" total="13" passed="4" failed="1" skipped="0">
  <reporter-output>
  </reporter-output>
  <suite started-at="2023-01-25T21:49:56 IST" name="Suite" finished-at="2023-01-25T21:50:51 IST" duration-ms="55414">
    <groups>
    </groups>
    <test started-at="2023-01-25T21:49:56 IST" name="Test" finished-at="2023-01-25T21:50:51 IST" duration-ms="55414">
      <class name="Selenium.SeleniumHome.Tests.SliderPageTest">
        <test-method is-config="true" signature="openURL()[pri:0, instance:Selenium.SeleniumHome.Tests.SliderPageTest@a1153bc]" started-at="2023-01-25T21:50:46 IST" name="openURL" finished-at="2023-01-25T21:50:47 IST" duration-ms="1447" status="PASS">
          <reporter-output>
          </reporter-output>
        </test-method> <!-- openURL -->
        <test-method signature="slider()[pri:0, instance:Selenium.SeleniumHome.Tests.SliderPageTest@a1153bc]" started-at="2023-01-25T21:50:47 IST" name="slider" finished-at="2023-01-25T21:50:50 IST" duration-ms="2620" status="PASS">
          <reporter-output>
          </reporter-output>
        </test-method> <!-- slider -->
        <test-method is-config="true" signature="getReport(org.testng.ITestResult)[pri:0, instance:Selenium.SeleniumHome.Tests.SliderPageTest@a1153bc]" started-at="2023-01-25T21:50:50 IST" name="getReport" finished-at="2023-01-25T21:50:50 IST" duration-ms="0" status="PASS">
          <params>
            <param index="0">
              <value>
                <![CDATA[[TestResult name=slider status=SUCCESS method=SliderPageTest.slider()[pri:0, instance:Selenium.SeleniumHome.Tests.SliderPageTest@a1153bc] output={null}]]]>
              </value>
            </param>
          </params>
          <reporter-output>
          </reporter-output>
        </test-method> <!-- getReport -->
      </class> <!-- Selenium.SeleniumHome.Tests.SliderPageTest -->
      <class name="Selenium.SeleniumHome.Tests.ShowCartPageTest">
        <test-method is-config="true" signature="openURL()[pri:0, instance:Selenium.SeleniumHome.Tests.ShowCartPageTest@48f2bd5b]" started-at="2023-01-25T21:50:31 IST" name="openURL" finished-at="2023-01-25T21:50:34 IST" duration-ms="2415" status="PASS">
          <reporter-output>
          </reporter-output>
        </test-method> <!-- openURL -->
        <test-method signature="showCart()[pri:0, instance:Selenium.SeleniumHome.Tests.ShowCartPageTest@48f2bd5b]" started-at="2023-01-25T21:50:34 IST" name="showCart" finished-at="2023-01-25T21:50:35 IST" duration-ms="1125" status="PASS">
          <reporter-output>
          </reporter-output>
        </test-method> <!-- showCart -->
        <test-method is-config="true" signature="getReport(org.testng.ITestResult)[pri:0, instance:Selenium.SeleniumHome.Tests.ShowCartPageTest@48f2bd5b]" started-at="2023-01-25T21:50:35 IST" name="getReport" finished-at="2023-01-25T21:50:35 IST" duration-ms="0" status="PASS">
          <params>
            <param index="0">
              <value>
                <![CDATA[[TestResult name=showCart status=SUCCESS method=ShowCartPageTest.showCart()[pri:0, instance:Selenium.SeleniumHome.Tests.ShowCartPageTest@48f2bd5b] output={null}]]]>
              </value>
            </param>
          </params>
          <reporter-output>
          </reporter-output>
        </test-method> <!-- getReport -->
      </class> <!-- Selenium.SeleniumHome.Tests.ShowCartPageTest -->
      <class name="Selenium.SeleniumHome.Tests.DragAndDropPageTest">
        <test-method is-config="true" signature="openURL()[pri:0, instance:Selenium.SeleniumHome.Tests.DragAndDropPageTest@7b2bbc3]" started-at="2023-01-25T21:50:35 IST" name="openURL" finished-at="2023-01-25T21:50:36 IST" duration-ms="1092" status="PASS">
          <reporter-output>
          </reporter-output>
        </test-method> <!-- openURL -->
        <test-method signature="dragAndDrop()[pri:0, instance:Selenium.SeleniumHome.Tests.DragAndDropPageTest@7b2bbc3]" started-at="2023-01-25T21:50:36 IST" name="dragAndDrop" finished-at="2023-01-25T21:50:46 IST" duration-ms="10106" status="PASS">
          <reporter-output>
          </reporter-output>
        </test-method> <!-- dragAndDrop -->
        <test-method is-config="true" signature="getReport(org.testng.ITestResult)[pri:0, instance:Selenium.SeleniumHome.Tests.DragAndDropPageTest@7b2bbc3]" started-at="2023-01-25T21:50:46 IST" name="getReport" finished-at="2023-01-25T21:50:46 IST" duration-ms="1" status="PASS">
          <params>
            <param index="0">
              <value>
                <![CDATA[[TestResult name=dragAndDrop status=SUCCESS method=DragAndDropPageTest.dragAndDrop()[pri:0, instance:Selenium.SeleniumHome.Tests.DragAndDropPageTest@7b2bbc3] output={null}]]]>
              </value>
            </param>
          </params>
          <reporter-output>
          </reporter-output>
        </test-method> <!-- getReport -->
      </class> <!-- Selenium.SeleniumHome.Tests.DragAndDropPageTest -->
      <class name="Selenium.SeleniumHome.Tests.LoginPageTest">
        <test-method is-config="true" signature="initializeDriver()[pri:0, instance:Selenium.SeleniumHome.Tests.LoginPageTest@5c6648b0]" started-at="2023-01-25T21:49:56 IST" name="initializeDriver" finished-at="2023-01-25T21:49:58 IST" duration-ms="2391" status="PASS">
          <reporter-output>
          </reporter-output>
        </test-method> <!-- initializeDriver -->
        <test-method is-config="true" signature="openURL()[pri:0, instance:Selenium.SeleniumHome.Tests.LoginPageTest@5c6648b0]" started-at="2023-01-25T21:49:58 IST" name="openURL" finished-at="2023-01-25T21:50:06 IST" duration-ms="8029" status="PASS">
          <reporter-output>
          </reporter-output>
        </test-method> <!-- openURL -->
        <test-method signature="login()[pri:0, instance:Selenium.SeleniumHome.Tests.LoginPageTest@5c6648b0]" started-at="2023-01-25T21:50:06 IST" name="login" finished-at="2023-01-25T21:50:12 IST" duration-ms="5469" status="PASS">
          <reporter-output>
          </reporter-output>
        </test-method> <!-- login -->
        <test-method is-config="true" signature="getReport(org.testng.ITestResult)[pri:0, instance:Selenium.SeleniumHome.Tests.LoginPageTest@5c6648b0]" started-at="2023-01-25T21:50:12 IST" name="getReport" finished-at="2023-01-25T21:50:12 IST" duration-ms="16" status="PASS">
          <params>
            <param index="0">
              <value>
                <![CDATA[[TestResult name=login status=SUCCESS method=LoginPageTest.login()[pri:0, instance:Selenium.SeleniumHome.Tests.LoginPageTest@5c6648b0] output={null}]]]>
              </value>
            </param>
          </params>
          <reporter-output>
          </reporter-output>
        </test-method> <!-- getReport -->
        <test-method is-config="true" signature="tearDown()[pri:0, instance:Selenium.SeleniumHome.Tests.LoginPageTest@5c6648b0]" started-at="2023-01-25T21:50:50 IST" name="tearDown" finished-at="2023-01-25T21:50:51 IST" duration-ms="1187" status="PASS">
          <reporter-output>
          </reporter-output>
        </test-method> <!-- tearDown -->
      </class> <!-- Selenium.SeleniumHome.Tests.LoginPageTest -->
      <class name="Selenium.SeleniumHome.Tests.AddToCartPageTest">
        <test-method is-config="true" signature="openURL()[pri:0, instance:Selenium.SeleniumHome.Tests.AddToCartPageTest@692f203f]" started-at="2023-01-25T21:50:12 IST" name="openURL" finished-at="2023-01-25T21:50:13 IST" duration-ms="977" status="PASS">
          <reporter-output>
          </reporter-output>
        </test-method> <!-- openURL -->
        <test-method signature="addToCart()[pri:0, instance:Selenium.SeleniumHome.Tests.AddToCartPageTest@692f203f]" started-at="2023-01-25T21:50:13 IST" name="addToCart" finished-at="2023-01-25T21:50:31 IST" duration-ms="17866" status="FAIL">
          <exception class="org.openqa.selenium.TimeoutException">
            <message>
              <![CDATA[Expected condition failed: waiting for visibility of element located by By.xpath: //button[text()='Add to basket'] (tried for 10 second(s) with 500 milliseconds interval)
Build info: version: '4.7.2', revision: '4d4020c3b7'
System info: os.name: 'Windows 11', os.arch: 'amd64', os.version: '10.0', java.version: '18.0.1.1'
Driver info: org.openqa.selenium.chrome.ChromeDriver
Capabilities {acceptInsecureCerts: false, browserName: chrome, browserVersion: 109.0.5414.76, chrome: {chromedriverVersion: 109.0.5414.74 (e7c5703604da..., userDataDir: C:\Users\GAURAV~1\AppData\L...}, goog:chromeOptions: {debuggerAddress: localhost:50451}, networkConnectionEnabled: false, pageLoadStrategy: normal, platformName: WINDOWS, proxy: Proxy(), se:cdp: ws://localhost:50451/devtoo..., se:cdpVersion: 109.0.5414.76, setWindowRect: true, strictFileInteractability: false, timeouts: {implicit: 0, pageLoad: 300000, script: 30000}, unhandledPromptBehavior: dismiss and notify, webauthn:extension:credBlob: true, webauthn:extension:largeBlob: true, webauthn:virtualAuthenticators: true}
Session ID: b45c38e0404634798616811800f90aba]]>
            </message>
            <full-stacktrace>
              <![CDATA[org.openqa.selenium.TimeoutException: Expected condition failed: waiting for visibility of element located by By.xpath: //button[text()='Add to basket'] (tried for 10 second(s) with 500 milliseconds interval)
Build info: version: '4.7.2', revision: '4d4020c3b7'
System info: os.name: 'Windows 11', os.arch: 'amd64', os.version: '10.0', java.version: '18.0.1.1'
Driver info: org.openqa.selenium.chrome.ChromeDriver
Capabilities {acceptInsecureCerts: false, browserName: chrome, browserVersion: 109.0.5414.76, chrome: {chromedriverVersion: 109.0.5414.74 (e7c5703604da..., userDataDir: C:\Users\GAURAV~1\AppData\L...}, goog:chromeOptions: {debuggerAddress: localhost:50451}, networkConnectionEnabled: false, pageLoadStrategy: normal, platformName: WINDOWS, proxy: Proxy(), se:cdp: ws://localhost:50451/devtoo..., se:cdpVersion: 109.0.5414.76, setWindowRect: true, strictFileInteractability: false, timeouts: {implicit: 0, pageLoad: 300000, script: 30000}, unhandledPromptBehavior: dismiss and notify, webauthn:extension:credBlob: true, webauthn:extension:largeBlob: true, webauthn:virtualAuthenticators: true}
Session ID: b45c38e0404634798616811800f90aba
at org.openqa.selenium.support.ui.WebDriverWait.timeoutException(WebDriverWait.java:87)
at org.openqa.selenium.support.ui.FluentWait.until(FluentWait.java:231)
at Selenium.SeleniumHome.Action.Action.waitForElement(Action.java:19)
at Selenium.SeleniumHome.Pages.AddToCartPage.cart(AddToCartPage.java:30)
at Selenium.SeleniumHome.Tests.AddToCartPageTest.addToCart(AddToCartPageTest.java:13)
at java.base/jdk.internal.reflect.DirectMethodHandleAccessor.invoke(DirectMethodHandleAccessor.java:104)
at java.base/java.lang.reflect.Method.invoke(Method.java:577)
at org.testng.internal.MethodInvocationHelper.invokeMethod(MethodInvocationHelper.java:133)
at org.testng.internal.TestInvoker.invokeMethod(TestInvoker.java:598)
at org.testng.internal.TestInvoker.invokeTestMethod(TestInvoker.java:173)
at org.testng.internal.MethodRunner.runInSequence(MethodRunner.java:46)
at org.testng.internal.TestInvoker$MethodInvocationAgent.invoke(TestInvoker.java:824)
at org.testng.internal.TestInvoker.invokeTestMethods(TestInvoker.java:146)
at org.testng.internal.TestMethodWorker.invokeTestMethods(TestMethodWorker.java:146)
at org.testng.internal.TestMethodWorker.run(TestMethodWorker.java:128)
at java.base/java.util.ArrayList.forEach(ArrayList.java:1511)
at org.testng.TestRunner.privateRun(TestRunner.java:794)
at org.testng.TestRunner.run(TestRunner.java:596)
at org.testng.SuiteRunner.runTest(SuiteRunner.java:377)
at org.testng.SuiteRunner.runSequentially(SuiteRunner.java:371)
at org.testng.SuiteRunner.privateRun(SuiteRunner.java:332)
at org.testng.SuiteRunner.run(SuiteRunner.java:276)
at org.testng.SuiteRunnerWorker.runSuite(SuiteRunnerWorker.java:53)
at org.testng.SuiteRunnerWorker.run(SuiteRunnerWorker.java:96)
at org.testng.TestNG.runSuitesSequentially(TestNG.java:1212)
at org.testng.TestNG.runSuitesLocally(TestNG.java:1134)
at org.testng.TestNG.runSuites(TestNG.java:1063)
at org.testng.TestNG.run(TestNG.java:1031)
at org.testng.remote.AbstractRemoteTestNG.run(AbstractRemoteTestNG.java:115)
at org.testng.remote.RemoteTestNG.initAndRun(RemoteTestNG.java:251)
at org.testng.remote.RemoteTestNG.main(RemoteTestNG.java:77)
]]>
            </full-stacktrace>
          </exception> <!-- org.openqa.selenium.TimeoutException -->
          <reporter-output>
          </reporter-output>
        </test-method> <!-- addToCart -->
        <test-method is-config="true" signature="getReport(org.testng.ITestResult)[pri:0, instance:Selenium.SeleniumHome.Tests.AddToCartPageTest@692f203f]" started-at="2023-01-25T21:50:31 IST" name="getReport" finished-at="2023-01-25T21:50:31 IST" duration-ms="611" status="PASS">
          <params>
            <param index="0">
              <value>
                <![CDATA[[TestResult name=addToCart status=FAILURE method=AddToCartPageTest.addToCart()[pri:0, instance:Selenium.SeleniumHome.Tests.AddToCartPageTest@692f203f] output={null}]]]>
              </value>
            </param>
          </params>
          <reporter-output>
          </reporter-output>
        </test-method> <!-- getReport -->
      </class> <!-- Selenium.SeleniumHome.Tests.AddToCartPageTest -->
    </test> <!-- Test -->
  </suite> <!-- Suite -->
</testng-results>
